[13:11:26] [Server thread/INFO]: Starting minecraft server version 1.8
[13:11:26] [Server console handler/ERROR]: Exception handling console input
java.io.IOException: The handle is invalid
	at java.io.FileInputStream.readBytes(Native Method) ~[?:1.8.0_181]
	at java.io.FileInputStream.read(Unknown Source) ~[?:1.8.0_181]
	at java.io.BufferedInputStream.fill(Unknown Source) ~[?:1.8.0_181]
	at java.io.BufferedInputStream.read(Unknown Source) ~[?:1.8.0_181]
	at org.bukkit.craftbukkit.libs.jline.internal.NonBlockingInputStream.read(NonBlockingInputStream.java:248) ~[spigot-1.8-R0.1-SNAPSHOT-latest.jar:git-Spigot-c3c767f-33d5de3]
	at org.bukkit.craftbukkit.libs.jline.internal.InputStreamReader.read(InputStreamReader.java:261) ~[spigot-1.8-R0.1-SNAPSHOT-latest.jar:git-Spigot-c3c767f-33d5de3]
	at org.bukkit.craftbukkit.libs.jline.internal.InputStreamReader.read(InputStreamReader.java:198) ~[spigot-1.8-R0.1-SNAPSHOT-latest.jar:git-Spigot-c3c767f-33d5de3]
	at org.bukkit.craftbukkit.libs.jline.console.ConsoleReader.readCharacter(ConsoleReader.java:2145) ~[spigot-1.8-R0.1-SNAPSHOT-latest.jar:git-Spigot-c3c767f-33d5de3]
	at org.bukkit.craftbukkit.libs.jline.console.ConsoleReader.readLineSimple(ConsoleReader.java:3183) ~[spigot-1.8-R0.1-SNAPSHOT-latest.jar:git-Spigot-c3c767f-33d5de3]
	at org.bukkit.craftbukkit.libs.jline.console.ConsoleReader.readLine(ConsoleReader.java:2333) ~[spigot-1.8-R0.1-SNAPSHOT-latest.jar:git-Spigot-c3c767f-33d5de3]
	at org.bukkit.craftbukkit.libs.jline.console.ConsoleReader.readLine(ConsoleReader.java:2269) ~[spigot-1.8-R0.1-SNAPSHOT-latest.jar:git-Spigot-c3c767f-33d5de3]
	at org.bukkit.craftbukkit.libs.jline.console.ConsoleReader.readLine(ConsoleReader.java:2257) ~[spigot-1.8-R0.1-SNAPSHOT-latest.jar:git-Spigot-c3c767f-33d5de3]
	at net.minecraft.server.v1_8_R1.ThreadCommandReader.run(ThreadCommandReader.java:35) [spigot-1.8-R0.1-SNAPSHOT-latest.jar:git-Spigot-c3c767f-33d5de3]
[13:11:26] [Server thread/INFO]: Loading properties
[13:11:26] [Server thread/INFO]: Default game type: SURVIVAL
[13:11:27] [Server thread/INFO]: This server is running CraftBukkit version git-Spigot-c3c767f-33d5de3 (MC: 1.8) (Implementing API version 1.8-R0.1-SNAPSHOT)
[13:11:27] [Server thread/INFO]: Debug logging is disabled
[13:11:27] [Server thread/INFO]: Using 4 threads for Netty based IO
[13:11:27] [Server thread/INFO]: Server Ping Player Sample Count: 12
[13:11:27] [Server thread/INFO]: Generating keypair
[13:11:27] [Server thread/INFO]: Starting Minecraft server on *:51547
[13:11:27] [Server thread/INFO]: Set PluginClassLoader as parallel capable
[13:11:27] [Server thread/INFO]: [ClearLag] Loading ClearLag v2.9.7
[13:11:27] [Server thread/INFO]: [SimpleRename] Loading SimpleRename v10.8
[13:11:27] [Server thread/INFO]: [PlayerHealthBar] Loading PlayerHealthBar v1.0.0
[13:11:27] [Server thread/INFO]: [Morpheus] Loading Morpheus v0.1
[13:11:27] [Server thread/INFO]: [TradeSystem] Loading TradeSystem v1.0.4
[13:11:27] [Server thread/INFO]: [Lockette] Loading Lockette v1.8.23
[13:11:27] [Server thread/INFO]: [GriefPrevention] Loading GriefPrevention v16.9
[13:11:27] [Server thread/INFO]: [SilkSpawners] Loading SilkSpawners v5.0.2
[13:11:27] [Server thread/INFO]: **** Beginning UUID conversion, this may take A LONG time ****
[13:11:27] [Server thread/INFO]: Preparing level "world"
[13:11:28] [Server thread/INFO]: -------- World Settings For [world] --------
[13:11:28] [Server thread/INFO]: Item Despawn Rate: 6000
[13:11:28] [Server thread/INFO]: Item Merge Radius: 2.5
[13:11:28] [Server thread/INFO]: Allow Zombie Pigmen to spawn from portal blocks: true
[13:11:28] [Server thread/INFO]: Arrow Despawn Rate: 1200
[13:11:28] [Server thread/INFO]: Max Entity Collisions: 8
[13:11:28] [Server thread/INFO]: Custom Map Seeds:  Village: 10387312 Feature: 14357617
[13:11:28] [Server thread/INFO]: View Distance: 10
[13:11:28] [Server thread/INFO]: Zombie Aggressive Towards Villager: true
[13:11:28] [Server thread/INFO]: Chunks to Grow per Tick: 650
[13:11:28] [Server thread/INFO]: Clear tick list: false
[13:11:28] [Server thread/INFO]: Experience Merge Radius: 3.0
[13:11:28] [Server thread/INFO]: Entity Activation Range: An 32 / Mo 32 / Mi 16
[13:11:28] [Server thread/INFO]: Max TNT Explosions: 100
[13:11:28] [Server thread/INFO]: Alternative Hopper Ticking: false
[13:11:28] [Server thread/INFO]: Hopper Transfer: 8 Hopper Check: 8 Hopper Amount: 1
[13:11:28] [Server thread/INFO]: Cactus Growth Modifier: 100%
[13:11:28] [Server thread/INFO]: Cane Growth Modifier: 100%
[13:11:28] [Server thread/INFO]: Melon Growth Modifier: 100%
[13:11:28] [Server thread/INFO]: Mushroom Growth Modifier: 100%
[13:11:28] [Server thread/INFO]: Pumpkin Growth Modifier: 100%
[13:11:28] [Server thread/INFO]: Sapling Growth Modifier: 100%
[13:11:28] [Server thread/INFO]: Wheat Growth Modifier: 100%
[13:11:28] [Server thread/INFO]: Entity Tracking Range: Pl 48 / An 48 / Mo 48 / Mi 32 / Other 64
[13:11:28] [Server thread/INFO]: Sending up to 10 chunks per packet
[13:11:28] [Server thread/INFO]: Structure Info Saving: true
[13:11:28] [Server thread/INFO]: Tile Max Tick Time: 50ms Entity max Tick Time: 50ms
[13:11:28] [Server thread/INFO]: Random Lighting Updates: false
[13:11:28] [Server thread/INFO]: Nerfing mobs spawned from spawners: false
[13:11:28] [Server thread/INFO]: Anti X-Ray: true
[13:11:28] [Server thread/INFO]: 	Engine Mode: 1
[13:11:28] [Server thread/INFO]: 	Hidden Blocks: [14, 15, 16, 21, 48, 49, 54, 56, 73, 74, 82, 129, 130]
[13:11:28] [Server thread/INFO]: 	Replace Blocks: [1, 5]
[13:11:28] [Server thread/INFO]: Mob Spawn Range: 4
[13:11:28] [Server thread/INFO]: -------- World Settings For [world_nether] --------
[13:11:28] [Server thread/INFO]: Item Despawn Rate: 6000
[13:11:28] [Server thread/INFO]: Item Merge Radius: 2.5
[13:11:28] [Server thread/INFO]: Allow Zombie Pigmen to spawn from portal blocks: true
[13:11:28] [Server thread/INFO]: Arrow Despawn Rate: 1200
[13:11:28] [Server thread/INFO]: Max Entity Collisions: 8
[13:11:28] [Server thread/INFO]: Custom Map Seeds:  Village: 10387312 Feature: 14357617
[13:11:28] [Server thread/INFO]: View Distance: 10
[13:11:28] [Server thread/INFO]: Zombie Aggressive Towards Villager: true
[13:11:28] [Server thread/INFO]: Chunks to Grow per Tick: 650
[13:11:28] [Server thread/INFO]: Clear tick list: false
[13:11:28] [Server thread/INFO]: Experience Merge Radius: 3.0
[13:11:28] [Server thread/INFO]: Entity Activation Range: An 32 / Mo 32 / Mi 16
[13:11:28] [Server thread/INFO]: Max TNT Explosions: 100
[13:11:28] [Server thread/INFO]: Alternative Hopper Ticking: false
[13:11:28] [Server thread/INFO]: Hopper Transfer: 8 Hopper Check: 8 Hopper Amount: 1
[13:11:28] [Server thread/INFO]: Cactus Growth Modifier: 100%
[13:11:28] [Server thread/INFO]: Cane Growth Modifier: 100%
[13:11:28] [Server thread/INFO]: Melon Growth Modifier: 100%
[13:11:28] [Server thread/INFO]: Mushroom Growth Modifier: 100%
[13:11:28] [Server thread/INFO]: Pumpkin Growth Modifier: 100%
[13:11:28] [Server thread/INFO]: Sapling Growth Modifier: 100%
[13:11:28] [Server thread/INFO]: Wheat Growth Modifier: 100%
[13:11:28] [Server thread/INFO]: Entity Tracking Range: Pl 48 / An 48 / Mo 48 / Mi 32 / Other 64
[13:11:28] [Server thread/INFO]: Sending up to 10 chunks per packet
[13:11:28] [Server thread/INFO]: Structure Info Saving: true
[13:11:28] [Server thread/INFO]: Tile Max Tick Time: 50ms Entity max Tick Time: 50ms
[13:11:28] [Server thread/INFO]: Random Lighting Updates: false
[13:11:28] [Server thread/INFO]: Nerfing mobs spawned from spawners: false
[13:11:28] [Server thread/INFO]: Anti X-Ray: true
[13:11:28] [Server thread/INFO]: 	Engine Mode: 1
[13:11:28] [Server thread/INFO]: 	Hidden Blocks: [14, 15, 16, 21, 48, 49, 54, 56, 73, 74, 82, 129, 130]
[13:11:28] [Server thread/INFO]: 	Replace Blocks: [1, 5]
[13:11:28] [Server thread/INFO]: Mob Spawn Range: 4
[13:11:28] [Server thread/INFO]: -------- World Settings For [world_the_end] --------
[13:11:28] [Server thread/INFO]: Item Despawn Rate: 6000
[13:11:28] [Server thread/INFO]: Item Merge Radius: 2.5
[13:11:28] [Server thread/INFO]: Allow Zombie Pigmen to spawn from portal blocks: true
[13:11:28] [Server thread/INFO]: Arrow Despawn Rate: 1200
[13:11:28] [Server thread/INFO]: Max Entity Collisions: 8
[13:11:28] [Server thread/INFO]: Custom Map Seeds:  Village: 10387312 Feature: 14357617
[13:11:28] [Server thread/INFO]: View Distance: 10
[13:11:28] [Server thread/INFO]: Zombie Aggressive Towards Villager: true
[13:11:28] [Server thread/INFO]: Chunks to Grow per Tick: 650
[13:11:28] [Server thread/INFO]: Clear tick list: false
[13:11:28] [Server thread/INFO]: Experience Merge Radius: 3.0
[13:11:28] [Server thread/INFO]: Entity Activation Range: An 32 / Mo 32 / Mi 16
[13:11:28] [Server thread/INFO]: Max TNT Explosions: 100
[13:11:28] [Server thread/INFO]: Alternative Hopper Ticking: false
[13:11:28] [Server thread/INFO]: Hopper Transfer: 8 Hopper Check: 8 Hopper Amount: 1
[13:11:28] [Server thread/INFO]: Cactus Growth Modifier: 100%
[13:11:28] [Server thread/INFO]: Cane Growth Modifier: 100%
[13:11:28] [Server thread/INFO]: Melon Growth Modifier: 100%
[13:11:28] [Server thread/INFO]: Mushroom Growth Modifier: 100%
[13:11:28] [Server thread/INFO]: Pumpkin Growth Modifier: 100%
[13:11:28] [Server thread/INFO]: Sapling Growth Modifier: 100%
[13:11:28] [Server thread/INFO]: Wheat Growth Modifier: 100%
[13:11:28] [Server thread/INFO]: Entity Tracking Range: Pl 48 / An 48 / Mo 48 / Mi 32 / Other 64
[13:11:28] [Server thread/INFO]: Sending up to 10 chunks per packet
[13:11:28] [Server thread/INFO]: Structure Info Saving: true
[13:11:28] [Server thread/INFO]: Tile Max Tick Time: 50ms Entity max Tick Time: 50ms
[13:11:28] [Server thread/INFO]: Random Lighting Updates: false
[13:11:28] [Server thread/INFO]: Nerfing mobs spawned from spawners: false
[13:11:28] [Server thread/INFO]: Anti X-Ray: true
[13:11:28] [Server thread/INFO]: 	Engine Mode: 1
[13:11:28] [Server thread/INFO]: 	Hidden Blocks: [14, 15, 16, 21, 48, 49, 54, 56, 73, 74, 82, 129, 130]
[13:11:28] [Server thread/INFO]: 	Replace Blocks: [1, 5]
[13:11:28] [Server thread/INFO]: Mob Spawn Range: 4
[13:11:28] [Server thread/INFO]: Preparing start region for level 0 (Seed: 6771035933650974197)
[13:11:29] [Server thread/INFO]: Preparing spawn area: 89%
[13:11:29] [Server thread/INFO]: Preparing start region for level 1 (Seed: 6771035933650974197)
[13:11:30] [Server thread/INFO]: Preparing start region for level 2 (Seed: 6771035933650974197)
[13:11:30] [Server thread/INFO]: [ClearLag] Enabling ClearLag v2.9.7
[13:11:30] [Server thread/INFO]: [ClearLag] Loading modules...
[13:11:30] [Server thread/INFO]: [ClearLag] Modules enabed, loading config values
[13:11:30] [Server thread/INFO]: [ClearLag] Modules have been loaded!
[13:11:30] [Server thread/INFO]: [ClearLag] Clearlag is now enabled!
[13:11:30] [Server thread/INFO]: [SimpleRename] Enabling SimpleRename v10.8
[13:11:30] [Server thread/INFO]: You are using MC <1.13, some features may not work as intended. You can use SimpleRename v10.7 instead
[13:11:30] [Thread-7/INFO]: [ClearLag] Checking for updates compatible with your bukkit version [1.8]...
[13:11:30] [Server thread/INFO]: [SimpleRename]XP price support has been temporarily disabled. Feature will be back in next version
[13:11:30] [Server thread/INFO]: SimpleRename enabled!
[13:11:30] [Server thread/INFO]: [PlayerHealthBar] Enabling PlayerHealthBar v1.0.0
[13:11:30] [Server thread/INFO]: [PlayerHealthBar] Plugin Abilitato!
[13:11:30] [Server thread/INFO]: [PlayerHealthBar] ----------------------------------
[13:11:30] [Server thread/INFO]: [PlayerHealthBar] Creato da: Mr_Cookies
[13:11:30] [Server thread/INFO]: [PlayerHealthBar] Versione: 1.0.0
[13:11:30] [Server thread/INFO]: [PlayerHealthBar] ----------------------------------
[13:11:30] [Server thread/WARN]: [PlayerHealthBar] Default system encoding may have misread config.yml from plugin jar
[13:11:30] [Server thread/INFO]: [Morpheus] Enabling Morpheus v0.1
[13:11:30] [Server thread/INFO]: [TradeSystem] Enabling TradeSystem v1.0.4
[13:11:32] [Server thread/INFO]:  
[13:11:32] [Server thread/INFO]: __________________________________________________________
[13:11:32] [Server thread/INFO]:  
[13:11:32] [Server thread/INFO]:                        TradeSystem [1.0.4]
[13:11:32] [Server thread/INFO]:  
[13:11:32] [Server thread/INFO]: Status:
[13:11:32] [Server thread/INFO]:  
[13:11:32] [Server thread/INFO]: MC-Version: v1_8_R3
[13:11:32] [Server thread/INFO]:  
[13:11:32] [Server thread/INFO]:   > Loading layouts
[13:11:32] [Server thread/INFO]:     ...got 0 layout(s)
[13:11:32] [Server thread/INFO]:  
[13:11:32] [Server thread/INFO]: Done (1.351s)
[13:11:32] [Server thread/INFO]:  
[13:11:32] [Server thread/INFO]: __________________________________________________________
[13:11:32] [Server thread/INFO]:  
[13:11:32] [Server thread/INFO]: [Lockette] Enabling Lockette v1.8.23
[13:11:32] [Server thread/INFO]: [Lockette] Version 1.8.23 is being enabled!  Yay!  (Core version 1.3.5)
[13:11:32] [Server thread/INFO]: minor >
[13:11:32] [Server thread/INFO]: [Lockette] Detected Bukkit version [v1_8_R1] ok.
[13:11:32] [Server thread/INFO]: [Lockette] Custom lockable block list: [116, 84, 57, 145, 154]
[13:11:32] [Server thread/INFO]: [Lockette] Ignoring linked plugins: [mcMMO]
[13:11:32] [Thread-7/INFO]: [ClearLag] No updates found!
[13:11:32] [Server thread/INFO]: [Lockette] Loading strings file for English by Acru
[13:11:32] [Server thread/INFO]: [Lockette] Using ops file for admin permissions.
[13:11:32] [Server thread/INFO]: [Lockette] Ready to protect your containers.
[13:11:32] [Server thread/INFO]: [GriefPrevention] Enabling GriefPrevention v16.9
[13:11:32] [Server thread/ERROR]: Error occurred while enabling GriefPrevention v16.9 (Is it up to date?)
java.lang.NoSuchFieldError: GOLDEN_SHOVEL
	at me.ryanhamshire.GriefPrevention.GriefPrevention.loadConfig(GriefPrevention.java:635) ~[?:?]
	at me.ryanhamshire.GriefPrevention.GriefPrevention.onEnable(GriefPrevention.java:252) ~[?:?]
	at org.bukkit.plugin.java.JavaPlugin.setEnabled(JavaPlugin.java:321) ~[spigot-1.8-R0.1-SNAPSHOT-latest.jar:git-Spigot-c3c767f-33d5de3]
	at org.bukkit.plugin.java.JavaPluginLoader.enablePlugin(JavaPluginLoader.java:335) [spigot-1.8-R0.1-SNAPSHOT-latest.jar:git-Spigot-c3c767f-33d5de3]
	at org.bukkit.plugin.SimplePluginManager.enablePlugin(SimplePluginManager.java:405) [spigot-1.8-R0.1-SNAPSHOT-latest.jar:git-Spigot-c3c767f-33d5de3]
	at org.bukkit.craftbukkit.v1_8_R1.CraftServer.loadPlugin(CraftServer.java:356) [spigot-1.8-R0.1-SNAPSHOT-latest.jar:git-Spigot-c3c767f-33d5de3]
	at org.bukkit.craftbukkit.v1_8_R1.CraftServer.enablePlugins(CraftServer.java:316) [spigot-1.8-R0.1-SNAPSHOT-latest.jar:git-Spigot-c3c767f-33d5de3]
	at net.minecraft.server.v1_8_R1.MinecraftServer.q(MinecraftServer.java:402) [spigot-1.8-R0.1-SNAPSHOT-latest.jar:git-Spigot-c3c767f-33d5de3]
	at net.minecraft.server.v1_8_R1.MinecraftServer.k(MinecraftServer.java:370) [spigot-1.8-R0.1-SNAPSHOT-latest.jar:git-Spigot-c3c767f-33d5de3]
	at net.minecraft.server.v1_8_R1.MinecraftServer.a(MinecraftServer.java:325) [spigot-1.8-R0.1-SNAPSHOT-latest.jar:git-Spigot-c3c767f-33d5de3]
	at net.minecraft.server.v1_8_R1.DedicatedServer.init(DedicatedServer.java:211) [spigot-1.8-R0.1-SNAPSHOT-latest.jar:git-Spigot-c3c767f-33d5de3]
	at net.minecraft.server.v1_8_R1.MinecraftServer.run(MinecraftServer.java:505) [spigot-1.8-R0.1-SNAPSHOT-latest.jar:git-Spigot-c3c767f-33d5de3]
	at java.lang.Thread.run(Unknown Source) [?:1.8.0_181]
[13:11:32] [Server thread/INFO]: [SilkSpawners] Enabling SilkSpawners v5.0.2
[13:11:32] [Server thread/INFO]: [SilkSpawners] WorldGuard was not found and support is disabled
[13:11:32] [Server thread/INFO]: [SilkSpawners] Loading support for v1_8_R1
[13:11:32] [Server thread/INFO]: [SilkSpawners] AutoUpdater is enabled.
[13:11:32] [Server thread/INFO]: [SilkSpawners] Result from AutoUpdater is: NO_UPDATE
[13:11:32] [Server thread/INFO]: [SilkSpawners] BarAPI is disabled due to config setting.
[13:11:32] [Server thread/INFO]: Server permissions file permissions.yml is empty, ignoring it
[13:11:33] [Server thread/INFO]: Done (5.146s)! For help, type "help" or "?"
[13:18:14] [Server thread/INFO]: [ClearLag] Warning Ground items will be removed in 60 seconds!
[13:18:54] [Server thread/INFO]: [ClearLag] Warning Ground items will be removed in 20 seconds!
[13:19:14] [Server thread/INFO]: [ClearLag] Removed 0 Entities!
[13:25:56] [Server thread/INFO]: [ClearLag] Warning Ground items will be removed in 60 seconds!
[13:26:36] [Server thread/INFO]: [ClearLag] Warning Ground items will be removed in 20 seconds!
[13:26:56] [Server thread/INFO]: [ClearLag] Removed 0 Entities!
ver thread/INFO]: Using 4 threads for Netty based IO
[13:18:31] [Server thread/INFO]: Server Ping Player Sample Count: 12
[13:18:31] [Server thread/INFO]: Generating keypair
[13:18:31] [Server thread/INFO]: Starting Minecraft server on *:51547
[13:18:32] [Server thread/WARN]: **** FAILED TO BIND TO PORT!
[13:18:32] [Server thread/WARN]: The exception was: java.net.BindException: Address already in use: bind
[13:18:32] [Server thread/WARN]: Perhaps a server is already running on that port?
[13:18:32] [Server thread/INFO]: Stopping server
[13:18:32] [Server thread/INFO]: Saving players
[13:24:42] [Server thread/INFO]: Starting minecraft server version 1.8
[13:24:43] [Server thread/INFO]: Loading properties
[13:24:43] [Server thread/INFO]: Default game type: SURVIVAL
[13:24:43] [Server thread/INFO]: This server is running CraftBukkit version git-Spigot-c3c767f-33d5de3 (MC: 1.8) (Implementing API version 1.8-R0.1-SNAPSHOT)
[13:24:43] [Server thread/INFO]: Debug logging is disabled
[13:24:43] [Server thread/INFO]: Using 4 threads for Netty based IO
[13:24:43] [Server thread/INFO]: Server Ping Player Sample Count: 12
[13:24:43] [Server thread/INFO]: Generating keypair
[13:24:43] [Server thread/INFO]: Starting Minecraft server on *:51547
[13:24:43] [Server thread/WARN]: **** FAILED TO BIND TO PORT!
[13:24:43] [Server thread/WARN]: The exception was: java.net.BindException: Address already in use: bind
[13:24:43] [Server thread/WARN]: Perhaps a server is already running on that port?
[13:24:43] [Server thread/INFO]: Stopping server
[13:24:43] [Server thread/INFO]: Saving players
