[13:28:35] [Server thread/INFO]: Starting minecraft server version 1.8
[13:28:35] [Server thread/INFO]: Loading properties
[13:28:35] [Server thread/INFO]: Default game type: SURVIVAL
[13:28:35] [Server thread/INFO]: This server is running CraftBukkit version git-Spigot-c3c767f-33d5de3 (MC: 1.8) (Implementing API version 1.8-R0.1-SNAPSHOT)
[13:28:35] [Server thread/INFO]: Debug logging is disabled
[13:28:35] [Server thread/INFO]: Server Ping Player Sample Count: 12
[13:28:35] [Server thread/INFO]: Using 4 threads for Netty based IO
[13:28:35] [Server thread/INFO]: Generating keypair
[13:28:35] [Server thread/INFO]: Starting Minecraft server on *:51547
[13:28:35] [Server thread/INFO]: Set PluginClassLoader as parallel capable
[13:28:35] [Server thread/INFO]: [ClearLag] Loading ClearLag v2.9.7
[13:28:35] [Server thread/INFO]: [SimpleRename] Loading SimpleRename v10.8
[13:28:35] [Server thread/INFO]: [PlayerHealthBar] Loading PlayerHealthBar v1.0.0
[13:28:35] [Server thread/INFO]: [Morpheus] Loading Morpheus v0.1
[13:28:35] [Server thread/INFO]: [TradeSystem] Loading TradeSystem v1.0.4
[13:28:35] [Server thread/INFO]: [Lockette] Loading Lockette v1.8.23
[13:28:35] [Server thread/INFO]: [GriefPrevention] Loading GriefPrevention v16.9
[13:28:35] [Server thread/INFO]: [SilkSpawners] Loading SilkSpawners v5.0.2
[13:28:35] [Server thread/INFO]: **** Beginning UUID conversion, this may take A LONG time ****
[13:28:35] [Server thread/INFO]: Preparing level "world"
[13:28:36] [Server thread/INFO]: -------- World Settings For [world] --------
[13:28:36] [Server thread/INFO]: Arrow Despawn Rate: 1200
[13:28:36] [Server thread/INFO]: Allow Zombie Pigmen to spawn from portal blocks: true
[13:28:36] [Server thread/INFO]: Item Merge Radius: 2.5
[13:28:36] [Server thread/INFO]: Item Despawn Rate: 6000
[13:28:36] [Server thread/INFO]: Zombie Aggressive Towards Villager: true
[13:28:36] [Server thread/INFO]: Anti X-Ray: true
[13:28:36] [Server thread/INFO]: 	Engine Mode: 1
[13:28:36] [Server thread/INFO]: 	Hidden Blocks: [14, 15, 16, 21, 48, 49, 54, 56, 73, 74, 82, 129, 130]
[13:28:36] [Server thread/INFO]: 	Replace Blocks: [1, 5]
[13:28:36] [Server thread/INFO]: Cactus Growth Modifier: 100%
[13:28:36] [Server thread/INFO]: Cane Growth Modifier: 100%
[13:28:36] [Server thread/INFO]: Melon Growth Modifier: 100%
[13:28:36] [Server thread/INFO]: Mushroom Growth Modifier: 100%
[13:28:36] [Server thread/INFO]: Pumpkin Growth Modifier: 100%
[13:28:36] [Server thread/INFO]: Sapling Growth Modifier: 100%
[13:28:36] [Server thread/INFO]: Wheat Growth Modifier: 100%
[13:28:36] [Server thread/INFO]: Mob Spawn Range: 4
[13:28:36] [Server thread/INFO]: Nerfing mobs spawned from spawners: false
[13:28:36] [Server thread/INFO]: Entity Activation Range: An 32 / Mo 32 / Mi 16
[13:28:36] [Server thread/INFO]: Entity Tracking Range: Pl 48 / An 48 / Mo 48 / Mi 32 / Other 64
[13:28:36] [Server thread/INFO]: Alternative Hopper Ticking: false
[13:28:36] [Server thread/INFO]: Hopper Transfer: 8 Hopper Check: 8 Hopper Amount: 1
[13:28:36] [Server thread/INFO]: Max TNT Explosions: 100
[13:28:36] [Server thread/INFO]: Tile Max Tick Time: 50ms Entity max Tick Time: 50ms
[13:28:36] [Server thread/INFO]: Structure Info Saving: true
[13:28:36] [Server thread/INFO]: Random Lighting Updates: false
[13:28:36] [Server thread/INFO]: Sending up to 10 chunks per packet
[13:28:36] [Server thread/INFO]: View Distance: 10
[13:28:36] [Server thread/INFO]: Chunks to Grow per Tick: 650
[13:28:36] [Server thread/INFO]: Clear tick list: false
[13:28:36] [Server thread/INFO]: Experience Merge Radius: 3.0
[13:28:36] [Server thread/INFO]: Custom Map Seeds:  Village: 10387312 Feature: 14357617
[13:28:36] [Server thread/INFO]: Max Entity Collisions: 8
[13:28:36] [Server thread/INFO]: -------- World Settings For [world_nether] --------
[13:28:36] [Server thread/INFO]: Arrow Despawn Rate: 1200
[13:28:36] [Server thread/INFO]: Allow Zombie Pigmen to spawn from portal blocks: true
[13:28:36] [Server thread/INFO]: Item Merge Radius: 2.5
[13:28:36] [Server thread/INFO]: Item Despawn Rate: 6000
[13:28:36] [Server thread/INFO]: Zombie Aggressive Towards Villager: true
[13:28:36] [Server thread/INFO]: Anti X-Ray: true
[13:28:36] [Server thread/INFO]: 	Engine Mode: 1
[13:28:36] [Server thread/INFO]: 	Hidden Blocks: [14, 15, 16, 21, 48, 49, 54, 56, 73, 74, 82, 129, 130]
[13:28:36] [Server thread/INFO]: 	Replace Blocks: [1, 5]
[13:28:36] [Server thread/INFO]: Cactus Growth Modifier: 100%
[13:28:36] [Server thread/INFO]: Cane Growth Modifier: 100%
[13:28:36] [Server thread/INFO]: Melon Growth Modifier: 100%
[13:28:36] [Server thread/INFO]: Mushroom Growth Modifier: 100%
[13:28:36] [Server thread/INFO]: Pumpkin Growth Modifier: 100%
[13:28:36] [Server thread/INFO]: Sapling Growth Modifier: 100%
[13:28:36] [Server thread/INFO]: Wheat Growth Modifier: 100%
[13:28:36] [Server thread/INFO]: Mob Spawn Range: 4
[13:28:36] [Server thread/INFO]: Nerfing mobs spawned from spawners: false
[13:28:36] [Server thread/INFO]: Entity Activation Range: An 32 / Mo 32 / Mi 16
[13:28:36] [Server thread/INFO]: Entity Tracking Range: Pl 48 / An 48 / Mo 48 / Mi 32 / Other 64
[13:28:36] [Server thread/INFO]: Alternative Hopper Ticking: false
[13:28:36] [Server thread/INFO]: Hopper Transfer: 8 Hopper Check: 8 Hopper Amount: 1
[13:28:36] [Server thread/INFO]: Max TNT Explosions: 100
[13:28:36] [Server thread/INFO]: Tile Max Tick Time: 50ms Entity max Tick Time: 50ms
[13:28:36] [Server thread/INFO]: Structure Info Saving: true
[13:28:36] [Server thread/INFO]: Random Lighting Updates: false
[13:28:36] [Server thread/INFO]: Sending up to 10 chunks per packet
[13:28:36] [Server thread/INFO]: View Distance: 10
[13:28:36] [Server thread/INFO]: Chunks to Grow per Tick: 650
[13:28:36] [Server thread/INFO]: Clear tick list: false
[13:28:36] [Server thread/INFO]: Experience Merge Radius: 3.0
[13:28:36] [Server thread/INFO]: Custom Map Seeds:  Village: 10387312 Feature: 14357617
[13:28:36] [Server thread/INFO]: Max Entity Collisions: 8
[13:28:36] [Server thread/INFO]: -------- World Settings For [world_the_end] --------
[13:28:36] [Server thread/INFO]: Arrow Despawn Rate: 1200
[13:28:36] [Server thread/INFO]: Allow Zombie Pigmen to spawn from portal blocks: true
[13:28:36] [Server thread/INFO]: Item Merge Radius: 2.5
[13:28:36] [Server thread/INFO]: Item Despawn Rate: 6000
[13:28:36] [Server thread/INFO]: Zombie Aggressive Towards Villager: true
[13:28:36] [Server thread/INFO]: Anti X-Ray: true
[13:28:36] [Server thread/INFO]: 	Engine Mode: 1
[13:28:36] [Server thread/INFO]: 	Hidden Blocks: [14, 15, 16, 21, 48, 49, 54, 56, 73, 74, 82, 129, 130]
[13:28:36] [Server thread/INFO]: 	Replace Blocks: [1, 5]
[13:28:36] [Server thread/INFO]: Cactus Growth Modifier: 100%
[13:28:36] [Server thread/INFO]: Cane Growth Modifier: 100%
[13:28:36] [Server thread/INFO]: Melon Growth Modifier: 100%
[13:28:36] [Server thread/INFO]: Mushroom Growth Modifier: 100%
[13:28:36] [Server thread/INFO]: Pumpkin Growth Modifier: 100%
[13:28:36] [Server thread/INFO]: Sapling Growth Modifier: 100%
[13:28:36] [Server thread/INFO]: Wheat Growth Modifier: 100%
[13:28:36] [Server thread/INFO]: Mob Spawn Range: 4
[13:28:36] [Server thread/INFO]: Nerfing mobs spawned from spawners: false
[13:28:36] [Server thread/INFO]: Entity Activation Range: An 32 / Mo 32 / Mi 16
[13:28:36] [Server thread/INFO]: Entity Tracking Range: Pl 48 / An 48 / Mo 48 / Mi 32 / Other 64
[13:28:36] [Server thread/INFO]: Alternative Hopper Ticking: false
[13:28:36] [Server thread/INFO]: Hopper Transfer: 8 Hopper Check: 8 Hopper Amount: 1
[13:28:36] [Server thread/INFO]: Max TNT Explosions: 100
[13:28:36] [Server thread/INFO]: Tile Max Tick Time: 50ms Entity max Tick Time: 50ms
[13:28:36] [Server thread/INFO]: Structure Info Saving: true
[13:28:36] [Server thread/INFO]: Random Lighting Updates: false
[13:28:36] [Server thread/INFO]: Sending up to 10 chunks per packet
[13:28:36] [Server thread/INFO]: View Distance: 10
[13:28:36] [Server thread/INFO]: Chunks to Grow per Tick: 650
[13:28:36] [Server thread/INFO]: Clear tick list: false
[13:28:36] [Server thread/INFO]: Experience Merge Radius: 3.0
[13:28:36] [Server thread/INFO]: Custom Map Seeds:  Village: 10387312 Feature: 14357617
[13:28:36] [Server thread/INFO]: Max Entity Collisions: 8
[13:28:36] [Server thread/INFO]: Preparing start region for level 0 (Seed: 6771035933650974197)
[13:28:37] [Server thread/INFO]: Preparing spawn area: 99%
[13:28:37] [Server thread/INFO]: Preparing start region for level 1 (Seed: 6771035933650974197)
[13:28:37] [Server thread/INFO]: Preparing start region for level 2 (Seed: 6771035933650974197)
[13:28:38] [Server thread/INFO]: [ClearLag] Enabling ClearLag v2.9.7
[13:28:38] [Server thread/INFO]: [ClearLag] Loading modules...
[13:28:38] [Server thread/INFO]: [ClearLag] Modules enabed, loading config values
[13:28:38] [Server thread/INFO]: [ClearLag] Modules have been loaded!
[13:28:38] [Server thread/INFO]: [ClearLag] Clearlag is now enabled!
[13:28:38] [Server thread/INFO]: [SimpleRename] Enabling SimpleRename v10.8
[13:28:38] [Server thread/INFO]: You are using MC <1.13, some features may not work as intended. You can use SimpleRename v10.7 instead
[13:28:38] [Thread-7/INFO]: [ClearLag] Checking for updates compatible with your bukkit version [1.8]...
[13:28:38] [Server thread/INFO]: [SimpleRename]XP price support has been temporarily disabled. Feature will be back in next version
[13:28:38] [Server thread/INFO]: SimpleRename enabled!
[13:28:38] [Server thread/INFO]: [PlayerHealthBar] Enabling PlayerHealthBar v1.0.0
[13:28:38] [Server thread/INFO]: [PlayerHealthBar] Plugin Abilitato!
[13:28:38] [Server thread/INFO]: [PlayerHealthBar] ----------------------------------
[13:28:38] [Server thread/INFO]: [PlayerHealthBar] Creato da: Mr_Cookies
[13:28:38] [Server thread/INFO]: [PlayerHealthBar] Versione: 1.0.0
[13:28:38] [Server thread/INFO]: [PlayerHealthBar] ----------------------------------
[13:28:38] [Server thread/WARN]: [PlayerHealthBar] Default system encoding may have misread config.yml from plugin jar
[13:28:38] [Server thread/INFO]: [Morpheus] Enabling Morpheus v0.1
[13:28:38] [Server thread/INFO]: [TradeSystem] Enabling TradeSystem v1.0.4
[13:28:40] [Thread-7/INFO]: [ClearLag] No updates found!
[13:28:40] [Server thread/INFO]:  
[13:28:40] [Server thread/INFO]: __________________________________________________________
[13:28:40] [Server thread/INFO]:  
[13:28:40] [Server thread/INFO]:                        TradeSystem [1.0.4]
[13:28:40] [Server thread/INFO]:  
[13:28:40] [Server thread/INFO]: Status:
[13:28:40] [Server thread/INFO]:  
[13:28:40] [Server thread/INFO]: MC-Version: v1_8_R3
[13:28:40] [Server thread/INFO]:  
[13:28:40] [Server thread/INFO]:   > Loading layouts
[13:28:40] [Server thread/INFO]:     ...got 0 layout(s)
[13:28:40] [Server thread/INFO]:  
[13:28:40] [Server thread/INFO]: Done (2.05s)
[13:28:40] [Server thread/INFO]:  
[13:28:40] [Server thread/INFO]: __________________________________________________________
[13:28:40] [Server thread/INFO]:  
[13:28:40] [Server thread/INFO]: [Lockette] Enabling Lockette v1.8.23
[13:28:40] [Server thread/INFO]: [Lockette] Version 1.8.23 is being enabled!  Yay!  (Core version 1.3.5)
[13:28:40] [Server thread/INFO]: minor >
[13:28:40] [Server thread/INFO]: [Lockette] Detected Bukkit version [v1_8_R1] ok.
[13:28:40] [Server thread/INFO]: [Lockette] Custom lockable block list: [116, 84, 57, 145, 154]
[13:28:40] [Server thread/INFO]: [Lockette] Ignoring linked plugins: [mcMMO]
[13:28:40] [Server thread/INFO]: [Lockette] Loading strings file for English by Acru
[13:28:40] [Server thread/INFO]: [Lockette] Using ops file for admin permissions.
[13:28:40] [Server thread/INFO]: [Lockette] Ready to protect your containers.
[13:28:40] [Server thread/INFO]: [GriefPrevention] Enabling GriefPrevention v16.9
[13:28:40] [Server thread/ERROR]: Error occurred while enabling GriefPrevention v16.9 (Is it up to date?)
java.lang.NoSuchFieldError: GOLDEN_SHOVEL
	at me.ryanhamshire.GriefPrevention.GriefPrevention.loadConfig(GriefPrevention.java:635) ~[?:?]
	at me.ryanhamshire.GriefPrevention.GriefPrevention.onEnable(GriefPrevention.java:252) ~[?:?]
	at org.bukkit.plugin.java.JavaPlugin.setEnabled(JavaPlugin.java:321) ~[spigot-1.8-R0.1-SNAPSHOT-latest.jar:git-Spigot-c3c767f-33d5de3]
	at org.bukkit.plugin.java.JavaPluginLoader.enablePlugin(JavaPluginLoader.java:335) [spigot-1.8-R0.1-SNAPSHOT-latest.jar:git-Spigot-c3c767f-33d5de3]
	at org.bukkit.plugin.SimplePluginManager.enablePlugin(SimplePluginManager.java:405) [spigot-1.8-R0.1-SNAPSHOT-latest.jar:git-Spigot-c3c767f-33d5de3]
	at org.bukkit.craftbukkit.v1_8_R1.CraftServer.loadPlugin(CraftServer.java:356) [spigot-1.8-R0.1-SNAPSHOT-latest.jar:git-Spigot-c3c767f-33d5de3]
	at org.bukkit.craftbukkit.v1_8_R1.CraftServer.enablePlugins(CraftServer.java:316) [spigot-1.8-R0.1-SNAPSHOT-latest.jar:git-Spigot-c3c767f-33d5de3]
	at net.minecraft.server.v1_8_R1.MinecraftServer.q(MinecraftServer.java:402) [spigot-1.8-R0.1-SNAPSHOT-latest.jar:git-Spigot-c3c767f-33d5de3]
	at net.minecraft.server.v1_8_R1.MinecraftServer.k(MinecraftServer.java:370) [spigot-1.8-R0.1-SNAPSHOT-latest.jar:git-Spigot-c3c767f-33d5de3]
	at net.minecraft.server.v1_8_R1.MinecraftServer.a(MinecraftServer.java:325) [spigot-1.8-R0.1-SNAPSHOT-latest.jar:git-Spigot-c3c767f-33d5de3]
	at net.minecraft.server.v1_8_R1.DedicatedServer.init(DedicatedServer.java:211) [spigot-1.8-R0.1-SNAPSHOT-latest.jar:git-Spigot-c3c767f-33d5de3]
	at net.minecraft.server.v1_8_R1.MinecraftServer.run(MinecraftServer.java:505) [spigot-1.8-R0.1-SNAPSHOT-latest.jar:git-Spigot-c3c767f-33d5de3]
	at java.lang.Thread.run(Unknown Source) [?:1.8.0_181]
[13:28:40] [Server thread/INFO]: [SilkSpawners] Enabling SilkSpawners v5.0.2
[13:28:40] [Server thread/INFO]: [SilkSpawners] WorldGuard was not found and support is disabled
[13:28:40] [Server thread/INFO]: [SilkSpawners] Loading support for v1_8_R1
[13:28:40] [Server thread/INFO]: [SilkSpawners] AutoUpdater is enabled.
[13:28:40] [Server thread/INFO]: [SilkSpawners] Result from AutoUpdater is: NO_UPDATE
[13:28:40] [Server thread/INFO]: [SilkSpawners] BarAPI is disabled due to config setting.
[13:28:40] [Server thread/INFO]: Server permissions file permissions.yml is empty, ignoring it
[13:28:40] [Server thread/INFO]: Done (5.032s)! For help, type "help" or "?"
[13:30:39] [User Authenticator #1/INFO]: UUID of player MusicPretzell is 2887e26b-5550-4375-8955-ad787aa8b5d8
[13:30:39] [Server thread/INFO]: MusicPretzell[/90.243.96.60:1025] logged in with entity id 202 at ([world] -573.2359143691742, 63.0, -528.5812346247046)
[13:35:10] [Server thread/INFO]: MusicPretzell issued server command: /plugins
[13:35:22] [Server thread/INFO]: MusicPretzell issued server command: /griefprevention
[13:35:29] [Server thread/INFO]: [ClearLag] Warning Ground items will be removed in 60 seconds!
[13:35:31] [Server thread/INFO]: MusicPretzell issued server command: /help
[13:35:40] [Server thread/INFO]: MusicPretzell issued server command: /help GriefPrevention
[13:35:49] [Server thread/INFO]: MusicPretzell issued server command: /claim
[13:35:49] [Server thread/ERROR]: null
org.bukkit.command.CommandException: Unhandled exception executing command 'claim' in plugin GriefPrevention v16.9
	at org.bukkit.command.PluginCommand.execute(PluginCommand.java:46) ~[spigot-1.8-R0.1-SNAPSHOT-latest.jar:git-Spigot-c3c767f-33d5de3]
	at org.bukkit.command.SimpleCommandMap.dispatch(SimpleCommandMap.java:141) ~[spigot-1.8-R0.1-SNAPSHOT-latest.jar:git-Spigot-c3c767f-33d5de3]
	at org.bukkit.craftbukkit.v1_8_R1.CraftServer.dispatchCommand(CraftServer.java:646) ~[spigot-1.8-R0.1-SNAPSHOT-latest.jar:git-Spigot-c3c767f-33d5de3]
	at net.minecraft.server.v1_8_R1.PlayerConnection.handleCommand(PlayerConnection.java:1115) [spigot-1.8-R0.1-SNAPSHOT-latest.jar:git-Spigot-c3c767f-33d5de3]
	at net.minecraft.server.v1_8_R1.PlayerConnection.a(PlayerConnection.java:950) [spigot-1.8-R0.1-SNAPSHOT-latest.jar:git-Spigot-c3c767f-33d5de3]
	at net.minecraft.server.v1_8_R1.PacketPlayInChat.a(PacketPlayInChat.java:26) [spigot-1.8-R0.1-SNAPSHOT-latest.jar:git-Spigot-c3c767f-33d5de3]
	at net.minecraft.server.v1_8_R1.PacketPlayInChat.a(PacketPlayInChat.java:53) [spigot-1.8-R0.1-SNAPSHOT-latest.jar:git-Spigot-c3c767f-33d5de3]
	at net.minecraft.server.v1_8_R1.PacketHandleTask.run(SourceFile:13) [spigot-1.8-R0.1-SNAPSHOT-latest.jar:git-Spigot-c3c767f-33d5de3]
	at java.util.concurrent.Executors$RunnableAdapter.call(Unknown Source) [?:1.8.0_181]
	at java.util.concurrent.FutureTask.run(Unknown Source) [?:1.8.0_181]
	at net.minecraft.server.v1_8_R1.MinecraftServer.z(MinecraftServer.java:696) [spigot-1.8-R0.1-SNAPSHOT-latest.jar:git-Spigot-c3c767f-33d5de3]
	at net.minecraft.server.v1_8_R1.DedicatedServer.z(DedicatedServer.java:316) [spigot-1.8-R0.1-SNAPSHOT-latest.jar:git-Spigot-c3c767f-33d5de3]
	at net.minecraft.server.v1_8_R1.MinecraftServer.y(MinecraftServer.java:634) [spigot-1.8-R0.1-SNAPSHOT-latest.jar:git-Spigot-c3c767f-33d5de3]
	at net.minecraft.server.v1_8_R1.MinecraftServer.run(MinecraftServer.java:537) [spigot-1.8-R0.1-SNAPSHOT-latest.jar:git-Spigot-c3c767f-33d5de3]
	at java.lang.Thread.run(Unknown Source) [?:1.8.0_181]
Caused by: java.lang.NullPointerException
	at me.ryanhamshire.GriefPrevention.GriefPrevention.onCommand(GriefPrevention.java:990) ~[?:?]
	at org.bukkit.command.PluginCommand.execute(PluginCommand.java:44) ~[spigot-1.8-R0.1-SNAPSHOT-latest.jar:git-Spigot-c3c767f-33d5de3]
	... 14 more
[13:36:10] [Server thread/INFO]: [ClearLag] Warning Ground items will be removed in 20 seconds!
[13:36:30] [Server thread/INFO]: [ClearLag] Removed 1 Entities!
[13:37:36] [Server thread/INFO]: MusicPretzell issued server command: /rename
[13:37:39] [Server thread/INFO]: MusicPretzell issued server command: /ip
[13:37:48] [Server thread/INFO]: Unknown command. Type "/help" for help.
[13:37:51] [Server thread/INFO]: Unknown command. Type "/help" for help.
[13:38:05] [Server thread/INFO]: Unknown command. Type "/help" for help.
[13:38:07] [Server thread/INFO]: Unknown command. Type "/help" for help.
[13:39:03] [Server thread/INFO]: MusicPretzell issued server command: /gamemode c
[13:39:12] [Server thread/INFO]: Unknown command. Type "/help" for help.
[13:39:23] [Server thread/INFO]: Unknown command. Type "/help" for help.
[13:39:27] [Server thread/INFO]: Unknown command. Type "/help" for help.
